<?xml version="1.0" encoding="UTF-8"?>
<!-- Generated by org.testng.reporters.JUnitReportReporter -->
<testsuite hostname="LAPTOP-R5NV1QLO" failures="0" tests="1" name="Testng.Basic" time="0.026" errors="0" timestamp="2020-10-09T05:40:38 EDT" skipped="0">
  <testcase classname="Testng.Basic" name="Demo" time="0.026"/>
  <system-out/>
</testsuite> <!-- Testng.Basic -->
