<?xml version="1.0" encoding="UTF-8"?>
<!-- Generated by org.testng.reporters.JUnitReportReporter -->
<testsuite hostname="LAPTOP-R5NV1QLO" failures="0" tests="1" name="Testng.Loan" time="0.002" errors="0" timestamp="2020-09-26T16:56:45 EDT" skipped="0">
  <testcase classname="Testng.Loan" name="bersonal" time="0.002"/>
  <system-out/>
</testsuite> <!-- Testng.Loan -->
