<?xml version="1.0" encoding="UTF-8"?>
<!-- Generated by org.testng.reporters.JUnitReportReporter -->
<testsuite hostname="LAPTOP-R5NV1QLO" failures="0" tests="5" name="Testng.Loan2" time="0.017" errors="0" timestamp="2020-10-03T17:09:25 EDT" skipped="0">
  <testcase classname="Testng.Loan2" name="carloan" time="0.004"/>
  <system-out/>
  <testcase classname="Testng.Loan2" name="bankloan" time="0.003"/>
  <system-out/>
  <testcase classname="Testng.Loan2" name="Test" time="0.005"/>
  <system-out/>
  <testcase classname="Testng.Loan2" name="homeloan" time="0.003"/>
  <system-out/>
  <testcase classname="Testng.Loan2" name="aersonalloan" time="0.002"/>
  <system-out/>
</testsuite> <!-- Testng.Loan2 -->
