<?xml version="1.0" encoding="UTF-8"?>
<!-- Generated by org.testng.reporters.JUnitReportReporter -->
<testsuite hostname="LAPTOP-R5NV1QLO" failures="0" tests="1" name="Testng.Basics2" time="0.004" errors="0" timestamp="2020-10-09T05:40:38 EDT" skipped="0">
  <testcase classname="Testng.Basics2" name="Test" time="0.004"/>
  <system-out/>
</testsuite> <!-- Testng.Basics2 -->
