<?xml version="1.0" encoding="UTF-8"?>
<!-- Generated by org.testng.reporters.JUnitReportReporter -->
<testsuite hostname="LAPTOP-R5NV1QLO" failures="0" tests="3" name="Testng.Global" time="0.013" errors="0" timestamp="2020-10-03T17:09:25 EDT" skipped="0">
  <testcase classname="Testng.Global" name="good" time="0.004"/>
  <system-out/>
  <testcase classname="Testng.Global" name="good" time="0.006"/>
  <system-out/>
  <testcase classname="Testng.Global" name="good" time="0.003"/>
  <system-out/>
</testsuite> <!-- Testng.Global -->
